[     -12ms] [ERROR] Failed to load resource: the server responded with a status of 999 () @ https://ae.linkedin.com/in/arifrachim:0
[     668ms] [LOG] Error @ https://static.licdn.com/aero-v1/sc/h/95dn6qmfiqsklhxazp0jn20zg:1
[     837ms] [VERBOSE] [DOM] Input elements should have autocomplete attributes (suggested: "username"): (More info: https://goo.gl/9p2vKq) %o @ https://www.linkedin.com/authwall?trk=gf&trkInfo=AQHFRfkpquAyeAAAAZ1dbq6goiYENfKjuFYDTgoGgQHwW33D0CALoorJq3L4ZDLSQtw4gXa5F45bc4oeFvHeNLDcx7t5xp3hxsv_9p_2tNkLuCdKZyvZQaVV03uGH-32Xdlm7Mo=&original_referer=&sessionRedirect=https%3A%2F%2Fae.linkedin.com%2Fin%2Farifrachim:0
[    2601ms] [WARNING] Element with id: dust-var-locale not found @ https://static.licdn.com/aero-v1/sc/h/ejtdgjypmqo0r3rqzilfwa1k3:1
[    2810ms] [WARNING] Canvas2D: Multiple readback operations using getImageData are faster with the willReadFrequently attribute set to true. See: https://html.spec.whatwg.org/multipage/canvas.html#concept-canvas-will-read-frequently @ https://static.licdn.com/aero-v1/sc/h/95dn6qmfiqsklhxazp0jn20zg:1
[    3155ms] [WARNING] WARNING: Too many active WebGL contexts. Oldest context will be lost. @ https://static.licdn.com/aero-v1/sc/h/3lm6jmtzdyw0hlonhje0bbsjf:0
[    3174ms] [WARNING] WARNING: Too many active WebGL contexts. Oldest context will be lost. @ https://static.licdn.com/aero-v1/sc/h/3lm6jmtzdyw0hlonhje0bbsjf:0
[    3196ms] [WARNING] WARNING: Too many active WebGL contexts. Oldest context will be lost. @ https://static.licdn.com/aero-v1/sc/h/3lm6jmtzdyw0hlonhje0bbsjf:0
[    3292ms] [LOG] %c EvalError
    at mM (https://client.protechts.net/PXdOjV695v/main.min.js:2:66699)
    at oP (https://client.protechts.net/PXdOjV695v/main.min.js:2:72921)
    at HL (https://client.protechts.net/PXdOjV695v/main.min.js:2:221871)
    at HJ (https://client.protechts.net/PXdOjV695v/main.min.js:2:221582)
    at https://client.protechts.net/PXdOjV695v/main.min.js:2:223320
    at https://client.protechts.net/PXdOjV695v/main.min.js:2:223326
    at https://client.protechts.net/PXdOjV695v/main.min.js:2:223791 @ https://client.protechts.net/PXdOjV695v/main.min.js:1
[    3373ms] [WARNING] Canvas2D: Multiple readback operations using getImageData are faster with the willReadFrequently attribute set to true. See: https://html.spec.whatwg.org/multipage/canvas.html#concept-canvas-will-read-frequently @ https://static.licdn.com/aero-v1/sc/h/95dn6qmfiqsklhxazp0jn20zg:1
[    3406ms] [WARNING] Canvas2D: Multiple readback operations using getImageData are faster with the willReadFrequently attribute set to true. See: https://html.spec.whatwg.org/multipage/canvas.html#concept-canvas-will-read-frequently @ https://static.licdn.com/aero-v1/sc/h/95dn6qmfiqsklhxazp0jn20zg:1
[    3451ms] [WARNING] WARNING: Too many active WebGL contexts. Oldest context will be lost. @ https://static.licdn.com/aero-v1/sc/h/3lm6jmtzdyw0hlonhje0bbsjf:0
[    3461ms] [WARNING] WARNING: Too many active WebGL contexts. Oldest context will be lost. @ https://static.licdn.com/aero-v1/sc/h/3lm6jmtzdyw0hlonhje0bbsjf:0
[    3478ms] [WARNING] WARNING: Too many active WebGL contexts. Oldest context will be lost. @ https://static.licdn.com/aero-v1/sc/h/3lm6jmtzdyw0hlonhje0bbsjf:0
[    3558ms] [WARNING] [GSI_LOGGER]: Your client application may not display the Google One Tap in its default position. When FedCM becomes mandatory, One Tap only displays in the default position. Refer to the migration guide to update your code accordingly and opt-in to FedCM to test your changes. Learn more: https://developers.google.com/identity/gsi/web/guides/fedcm-migration?s=dc#layout @ https://static.licdn.com/aero-v1/sc/h/29rdkxlvag0d3cpj96fiilbju:168
[    3560ms] [WARNING] [GSI_LOGGER]: Your client application uses one of the Google One Tap prompt UI status methods that may stop functioning when FedCM becomes mandatory. Refer to the migration guide to update your code accordingly and opt-in to FedCM to test your changes. Learn more: https://developers.google.com/identity/gsi/web/guides/fedcm-migration?s=dc#display_moment and https://developers.google.com/identity/gsi/web/guides/fedcm-migration?s=dc#skipped_moment @ https://static.licdn.com/aero-v1/sc/h/29rdkxlvag0d3cpj96fiilbju:168
[    3563ms] [WARNING] [GSI_LOGGER]: Currently, you disable FedCM on Google One Tap. FedCM for One Tap will become mandatory starting Oct 2024, and you won’t be able to disable it. Refer to the migration guide to update your code accordingly to ensure users will not be blocked from logging in. Learn more: https://developers.google.com/identity/gsi/web/guides/fedcm-migration @ https://static.licdn.com/aero-v1/sc/h/29rdkxlvag0d3cpj96fiilbju:168
[    3578ms] [WARNING] [GSI_LOGGER]: Currently, you disable FedCM on Google One Tap. FedCM for One Tap will become mandatory starting Oct 2024, and you won’t be able to disable it. Refer to the migration guide to update your code accordingly to ensure users will not be blocked from logging in. Learn more: https://developers.google.com/identity/gsi/web/guides/fedcm-migration @ https://static.licdn.com/aero-v1/sc/h/29rdkxlvag0d3cpj96fiilbju:168
[    3632ms] [WARNING] WARNING: Too many active WebGL contexts. Oldest context will be lost. @ https://static.licdn.com/aero-v1/sc/h/80ndnja80f2uvg4l8sj2su82m:0
[    4544ms] TypeError: Cannot read properties of undefined (reading 'yb')
    at Im.o (/_/gsi/_/js/k=gsi.gsi.en_US.kN2PxdTul_U.O/am=AABACQJMgQ/d=1/rs=AF0KOtUn6_0eqLPl_TCSGavtqpxG_FdpLA/m=credential_button_library:310:40)
[    4548ms] TypeError: Cannot read properties of undefined (reading 'yb')
    at Im.o (/_/gsi/_/js/k=gsi.gsi.en_US.kN2PxdTul_U.O/am=AABACQJMgQ/d=1/rs=AF0KOtUn6_0eqLPl_TCSGavtqpxG_FdpLA/m=credential_button_library:310:40)
[    4854ms] [LOG] %c EvalError
    at Array.<anonymous> (https://crcldu.com/bd/auditor.js?v=1775388960000:1:179851)
    at _0x127e._0x7e1d (https://crcldu.com/bd/auditor.js?v=1775388960000:1:196326)
    at _0x127e._0xa099 (https://crcldu.com/bd/auditor.js?v=1775388960000:1:197858)
    at Array.<anonymous> (https://crcldu.com/bd/auditor.js?v=1775388960000:1:178769)
    at _0x127e._0x7e1d (https://crcldu.com/bd/auditor.js?v=1775388960000:1:196326)
    at _0x127e._0xa099 (https://crcldu.com/bd/auditor.js?v=1775388960000:1:197858)
    at Array.<anonymous> (https://crcldu.com/bd/auditor.js?v=1775388960000:1:178769)
    at _0x127e._0x7e1d (https://crcldu.com/bd/auditor.js?v=1775388960000:1:196326)
    at _0x127e._0xa099 (https://crcldu.com/bd/auditor.js?v=1775388960000:1:197858)
    at Array.<anonymous> (https://crcldu.com/bd/auditor.js?v=1775388960000:1:178769) @ https://crcldu.com/bd/auditor.js?v=1775388960000:0
